
--- Job CESharedFeatures.gms Start 01/29/22 14:02:12 30.2.0 r482c588 WEX-WEI x86 64bit/MS Windows
--- GAMS Parameters defined
    Input C:\Users\atpha\Documents\Postdocs\Projects\NETs\Model\EI-CE\GAMS\CESharedFeatures.gms
    PageWidth 80
    PageSize 0
    PageContr 3
    Action CE
    ScrDir C:\Users\atpha\Documents\Postdocs\Projects\NETs\Model\EI-CE\GAMS\225a\
    SysDir C:\GAMS\win64\30.2\
    WorkDir C:\Users\atpha\Documents\Postdocs\Projects\NETs\Model\EI-CE\GAMS\
    LogOption 3
    DFormat 0
    TFormat 0
    ErrorLog 99
    IDE 1
GAMS 30.2.0   Copyright (C) 1987-2020 GAMS Development. All rights reserved
Licensee: An Pham, Single User License                   G210526|0002AO-GEN
          University of Michigan, School for Environment and SustainDC15829
          anph@umich.edu                                                   
--- Starting compilation
--- CESharedFeatures.gms(3) 2 Mb
***
*** Abort 'no include file name for data file provided'
***
*** Error 343 in C:\Users\atpha\Documents\Postdocs\Projects\NETs\Model\EI-CE\GAMS\EDAndUCSharedFeatures.gms
--- CESharedFeatures.gms(3) 2 Mb 1 Error
*** Status: Compilation error(s)
--- Job CESharedFeatures.gms Stop 01/29/22 14:02:12 elapsed 0:00:00.084
Exit code = 2
